<?xml version="1.0" encoding="UTF-8"?>
<!-- Generated by org.testng.reporters.JUnitXMLReporter -->
<testsuite ignored="0" hostname="HMECL-CD525BKVF" failures="1" tests="7" name="Test" time="76.747" errors="0" timestamp="2026-07-19T18:42:40 IST">
  <testcase classname="learning_testng.SauceDemoTest" name="login" time="18.786"/>
  <testcase classname="learning_testng.SauceDemoTest" name="login" time="6.304">
    <failure type="java.lang.AssertionError" message="expected [true] but found [false]">
      <![CDATA[java.lang.AssertionError: expected [true] but found [false]
at learning_testng.SauceDemoTest.login(SauceDemoTest.java:27)
at java.base/java.util.ArrayList.forEach(ArrayList.java:1596)
... Removed 29 stack frames]]>
    </failure>
  </testcase> <!-- login -->
  <testcase classname="learning_testng.SauceDemoTest" name="login" time="5.913"/>
  <testcase classname="learning_testng.SauceDemoTest" name="login" time="12.052"/>
  <testcase classname="learning_testng.SauceDemoTest" name="login" time="8.479"/>
  <testcase classname="learning_testng.SauceDemoTest" name="login" time="7.466"/>
  <testcase classname="learning_testng.Program" name="demo" time="0.009"/>
</testsuite> <!-- Test -->
