<?xml version="1.0" encoding="UTF-8"?>
<testng-results ignored="0" total="1" passed="1" failed="0" skipped="0">
  <reporter-output>
  </reporter-output>
  <suite started-at="2026-08-02T22:00:02 IST" name="Default suite" finished-at="2026-08-02T22:00:11 IST" duration-ms="8822">
    <groups>
    </groups>
    <test started-at="2026-08-02T22:00:02 IST" name="Default test" finished-at="2026-08-02T22:00:11 IST" duration-ms="8822">
      <class name="learning_testng.Program">
        <test-method is-config="true" signature="openBro()[pri:0, instance:learning_testng.Program@bcec361]" started-at="2026-08-02T22:00:02 IST" name="openBro" finished-at="2026-08-02T22:00:04 IST" duration-ms="2228" status="PASS">
          <reporter-output>
          </reporter-output>
        </test-method> <!-- openBro -->
        <test-method is-config="true" signature="login()[pri:0, instance:learning_testng.Program@bcec361]" started-at="2026-08-02T22:00:04 IST" name="login" finished-at="2026-08-02T22:00:10 IST" duration-ms="5709" status="PASS">
          <reporter-output>
          </reporter-output>
        </test-method> <!-- login -->
        <test-method signature="demo()[pri:0, instance:learning_testng.Program@bcec361]" started-at="2026-08-02T22:00:10 IST" name="demo" finished-at="2026-08-02T22:00:10 IST" duration-ms="28" status="PASS">
          <reporter-output>
          </reporter-output>
        </test-method> <!-- demo -->
        <test-method is-config="true" signature="logout()[pri:0, instance:learning_testng.Program@bcec361]" started-at="2026-08-02T22:00:10 IST" name="logout" finished-at="2026-08-02T22:00:10 IST" duration-ms="1" status="PASS">
          <reporter-output>
          </reporter-output>
        </test-method> <!-- logout -->
        <test-method is-config="true" signature="closeBro()[pri:0, instance:learning_testng.Program@bcec361]" started-at="2026-08-02T22:00:10 IST" name="closeBro" finished-at="2026-08-02T22:00:11 IST" duration-ms="795" status="PASS">
          <reporter-output>
          </reporter-output>
        </test-method> <!-- closeBro -->
      </class> <!-- learning_testng.Program -->
    </test> <!-- Default test -->
  </suite> <!-- Default suite -->
</testng-results>
